0 info it worked if it ends with ok
1 verbose cli [ 'node', '/usr/local/bin/npm', 'publish' ]
2 info using npm@1.4.28
3 info using node@v0.10.32
4 verbose publish [ '.' ]
5 verbose cache add [ '.', null ]
6 verbose cache add name=undefined spec="." args=[".",null]
7 verbose parsed url { protocol: null,
7 verbose parsed url   slashes: null,
7 verbose parsed url   auth: null,
7 verbose parsed url   host: null,
7 verbose parsed url   port: null,
7 verbose parsed url   hostname: null,
7 verbose parsed url   hash: null,
7 verbose parsed url   search: null,
7 verbose parsed url   query: null,
7 verbose parsed url   pathname: '.',
7 verbose parsed url   path: '.',
7 verbose parsed url   href: '.' }
8 silly lockFile 3a52ce78- .
9 verbose lock . /Users/alexander/.npm/3a52ce78-.lock
10 verbose tar pack [ '/Users/alexander/.npm/socket.io-online-users/0.0.15/package.tgz',
10 verbose tar pack   '.' ]
11 verbose tarball /Users/alexander/.npm/socket.io-online-users/0.0.15/package.tgz
12 verbose folder .
13 info prepublish socket.io-online-users@0.0.15
14 silly lockFile 1f1177db-tar tar://.
15 verbose lock tar://. /Users/alexander/.npm/1f1177db-tar.lock
16 silly lockFile e4980d6a--online-users-0-0-15-package-tgz tar:///Users/alexander/.npm/socket.io-online-users/0.0.15/package.tgz
17 verbose lock tar:///Users/alexander/.npm/socket.io-online-users/0.0.15/package.tgz /Users/alexander/.npm/e4980d6a--online-users-0-0-15-package-tgz.lock
18 silly lockFile 1f1177db-tar tar://.
19 silly lockFile 1f1177db-tar tar://.
20 silly lockFile e4980d6a--online-users-0-0-15-package-tgz tar:///Users/alexander/.npm/socket.io-online-users/0.0.15/package.tgz
21 silly lockFile e4980d6a--online-users-0-0-15-package-tgz tar:///Users/alexander/.npm/socket.io-online-users/0.0.15/package.tgz
22 silly lockFile 8c1cd8aa-t-io-online-users-0-0-15-package /Users/alexander/.npm/socket.io-online-users/0.0.15/package
23 verbose lock /Users/alexander/.npm/socket.io-online-users/0.0.15/package /Users/alexander/.npm/8c1cd8aa-t-io-online-users-0-0-15-package.lock
24 silly lockFile 8c1cd8aa-t-io-online-users-0-0-15-package /Users/alexander/.npm/socket.io-online-users/0.0.15/package
25 silly lockFile 8c1cd8aa-t-io-online-users-0-0-15-package /Users/alexander/.npm/socket.io-online-users/0.0.15/package
26 silly lockFile 3a52ce78- .
27 silly lockFile 3a52ce78- .
28 silly publish { author: { name: 'Novation Mobile' },
28 silly publish   name: 'socket.io-online-users',
28 silly publish   description: 'Ability to get online users quickly with redis.',
28 silly publish   version: '0.0.15',
28 silly publish   repository: { url: '' },
28 silly publish   main: './lib',
28 silly publish   dependencies: {},
28 silly publish   devDependencies: {},
28 silly publish   optionalDependencies: {},
28 silly publish   engines: { node: '*' },
28 silly publish   readme: 'ERROR: No README.md file found!',
28 silly publish   readmeFilename: 'README.md',
28 silly publish   _id: 'socket.io-online-users@0.0.15',
28 silly publish   _from: '.',
28 silly publish   _shasum: 'efdc05ec6d790f1e931cce5c3734b2f18b7a0932',
28 silly publish   _resolved: 'https://registry.npmjs.org/socket.io-online-users/-/socket.io-online-users-0.0.12.tgz',
28 silly publish   scripts: {},
28 silly publish   gitHead: 'fb7edc0ddeaec26b9d28b5acaf68f121df9b5adc' }
29 verbose request where is /socket.io-online-users
30 verbose request registry https://registry.npmjs.org/
31 verbose request id 69e28fea489a3787
32 verbose url raw /socket.io-online-users
33 verbose url resolving [ 'https://registry.npmjs.org/', './socket.io-online-users' ]
34 verbose url resolved https://registry.npmjs.org/socket.io-online-users
35 verbose request where is https://registry.npmjs.org/socket.io-online-users
36 info trying registry request attempt 1 at 13:57:59
37 http PUT https://registry.npmjs.org/socket.io-online-users
38 http 403 https://registry.npmjs.org/socket.io-online-users
39 verbose headers { date: 'Mon, 24 Nov 2014 19:57:59 GMT',
39 verbose headers   server: 'CouchDB/1.5.0 (Erlang OTP/R16B03)',
39 verbose headers   'content-type': 'application/json',
39 verbose headers   'cache-control': 'max-age=60',
39 verbose headers   'content-length': '2027',
39 verbose headers   'accept-ranges': 'bytes',
39 verbose headers   via: '1.1 varnish',
39 verbose headers   'x-served-by': 'cache-dfw1831-DFW',
39 verbose headers   'x-cache': 'MISS',
39 verbose headers   'x-cache-hits': '0',
39 verbose headers   'x-timer': 'S1416859079.290479,VS0,VE236',
39 verbose headers   'keep-alive': 'timeout=10, max=50',
39 verbose headers   connection: 'Keep-Alive' }
40 error publish Failed PUT 403
41 error Error: forbidden cannot modify pre-existing version: 0.0.15
41 error old={"author":{"name":"Novation Mobile"},"name":"socket.io-online-users","description":"Ability to get online users quickly with redis.","version":"0.0.15","repository":{"url":""},"main":"./lib","dependencies":{},"devDependencies":{},"optionalDependencies":{},"engines":{"node":"*"},"_id":"socket.io-online-users@0.0.15","_from":".","_shasum":"c689e355a3f03098a087174cb788c3ccd27ef586","_resolved":"https://registry.npmjs.org/socket.io-online-users/-/socket.io-online-users-0.0.12.tgz","scripts":{},"_npmVersion":"1.4.14","_npmUser":{"name":"chapinkapa","email":"price.alex@yahoo.com"},"maintainers":[{"name":"chapinkapa","email":"price.alex@yahoo.com"}],"dist":{"shasum":"c689e355a3f03098a087174cb788c3ccd27ef586","tarball":"http://registry.npmjs.org/socket.io-online-users/-/socket.io-online-users-0.0.15.tgz"}}
41 error new={"author":{"name":"Novation Mobile"},"name":"socket.io-online-users","description":"Ability to get online users quickly with redis.","version":"0.0.15","repository":{"url":""},"main":"./lib","dependencies":{},"devDependencies":{},"optionalDependencies":{},"engines":{"node":"*"},"readme":"ERROR: No README.md file found!","readmeFilename":"README.md","_id":"socket.io-online-users@0.0.15","_from":".","_shasum":"efdc05ec6d790f1e931cce5c3734b2f18b7a0932","_resolved":"https://registry.npmjs.org/socket.io-online-users/-/socket.io-online-users-0.0.12.tgz","scripts":{},"gitHead":"fb7edc0ddeaec26b9d28b5acaf68f121df9b5adc","_npmVersion":"1.4.28","_npmUser":{"name":"chapinkapa","email":"price.alex@yahoo.com"},"maintainers":[{"name":"chapinkapa","email":"price.alex@yahoo.com"}],"dist":{"shasum":"efdc05ec6d790f1e931cce5c3734b2f18b7a0932","tarball":"http://registry.npmjs.org/socket.io-online-users/-/socket.io-online-users-0.0.15.tgz"}}: socket.io-online-users
41 error     at RegClient.<anonymous> (/usr/local/lib/node_modules/npm/node_modules/npm-registry-client/lib/request.js:308:14)
41 error     at Request._callback (/usr/local/lib/node_modules/npm/node_modules/npm-registry-client/lib/request.js:246:65)
41 error     at Request.self.callback (/usr/local/lib/node_modules/npm/node_modules/request/request.js:236:22)
41 error     at Request.emit (events.js:98:17)
41 error     at Request.<anonymous> (/usr/local/lib/node_modules/npm/node_modules/request/request.js:1142:14)
41 error     at Request.emit (events.js:117:20)
41 error     at IncomingMessage.<anonymous> (/usr/local/lib/node_modules/npm/node_modules/request/request.js:1096:12)
41 error     at IncomingMessage.emit (events.js:117:20)
41 error     at _stream_readable.js:943:16
41 error     at process._tickCallback (node.js:419:13)
42 error If you need help, you may report this *entire* log,
42 error including the npm and node versions, at:
42 error     <http://github.com/npm/npm/issues>
43 error System Darwin 14.0.0
44 error command "node" "/usr/local/bin/npm" "publish"
45 error cwd /Users/alexander/github/modules/socket.io-online-users
46 error node -v v0.10.32
47 error npm -v 1.4.28
48 verbose exit [ 1, true ]
